Hmm ... looks like a package
Converting parsed Rd's to LaTeX ...
Creating pdf output from LaTeX ...

This is pdfTeX, Version 3.141592653-2.6-1.40.28 (TeX Live 2025) (preloaded format=pdflatex)
 restricted \write18 enabled.
entering extended mode
LaTeX2e <2025-11-01>
L3 programming layer <2025-11-14>
(./Rd2.tex
(/data/r_homes/marcgrossouvre2/.TinyTeX/texmf-dist/tex/latex/base/book.cls
Document Class: book 2025/01/22 v1.4n Standard LaTeX document class
(/data/r_homes/marcgrossouvre2/.TinyTeX/texmf-dist/tex/latex/base/bk10.clo)) (/usr/share/R/share/texmf/tex/latex/Rd.sty (/data/r_homes/marcgrossouvre2/.TinyTeX/texmf-dist/tex/latex/base/ifthen.sty) (/data/r_homes/marcgrossouvre2/.TinyTeX/texmf-dist/tex/generic/iftex/iftex.sty) (/data/r_homes/marcgrossouvre2/.TinyTeX/texmf-dist/tex/latex/tools/longtable.sty) (/data/r_homes/marcgrossouvre2/.TinyTeX/texmf-dist/tex/latex/tools/bm.sty) (/data/r_homes/marcgrossouvre2/.TinyTeX/texmf-dist/tex/latex/base/alltt.sty) (/data/r_homes/marcgrossouvre2/.TinyTeX/texmf-dist/tex/latex/tools/verbatim.sty) (/data/r_homes/marcgrossouvre2/.TinyTeX/texmf-dist/tex/latex/url/url.sty) (/data/r_homes/marcgrossouvre2/.TinyTeX/texmf-dist/tex/latex/base/textcomp.sty) (/data/r_homes/marcgrossouvre2/.TinyTeX/texmf-dist/tex/latex/amsmath/amsmath.sty
For additional information on amsmath, use the `?' option.
(/data/r_homes/marcgrossouvre2/.TinyTeX/texmf-dist/tex/latex/amsmath/amstext.sty (/data/r_homes/marcgrossouvre2/.TinyTeX/texmf-dist/tex/latex/amsmath/amsgen.sty)) (/data/r_homes/marcgrossouvre2/.TinyTeX/texmf-dist/tex/latex/amsmath/amsbsy.sty) (/data/r_homes/marcgrossouvre2/.TinyTeX/texmf-dist/tex/latex/amsmath/amsopn.sty)) (/data/r_homes/marcgrossouvre2/.TinyTeX/texmf-dist/tex/latex/amsfonts/amsfonts.sty) (/data/r_homes/marcgrossouvre2/.TinyTeX/texmf-dist/tex/latex/amsfonts/amssymb.sty) (/data/r_homes/marcgrossouvre2/.TinyTeX/texmf-dist/tex/latex/amsfonts/eucal.sty) (/data/r_homes/marcgrossouvre2/.TinyTeX/texmf-dist/tex/latex/base/fontenc.sty) (/data/r_homes/marcgrossouvre2/.TinyTeX/texmf-dist/tex/latex/psnfss/times.sty) (/data/r_homes/marcgrossouvre2/.TinyTeX/texmf-dist/tex/latex/inconsolata/zi4.sty `inconsolata-zi4' v1.12, 2019/05/17 Text macros for Inconsolata (msharpe) (/data/r_homes/marcgrossouvre2/.TinyTeX/texmf-dist/tex/latex/xkeyval/xkeyval.sty (/data/r_homes/marcgrossouvre2/.TinyTeX/texmf-dist/tex/generic/xkeyval/xkeyval.tex (/data/r_homes/marcgrossouvre2/.TinyTeX/texmf-dist/tex/generic/xkeyval/xkvutils.tex (/data/r_homes/marcgrossouvre2/.TinyTeX/texmf-dist/tex/generic/xkeyval/keyval.tex))))) (/data/r_homes/marcgrossouvre2/.TinyTeX/texmf-dist/tex/latex/graphics/color.sty (/data/r_homes/marcgrossouvre2/.TinyTeX/texmf-dist/tex/latex/graphics-cfg/color.cfg) (/data/r_homes/marcgrossouvre2/.TinyTeX/texmf-dist/tex/latex/graphics-def/pdftex.def) (/data/r_homes/marcgrossouvre2/.TinyTeX/texmf-dist/tex/latex/graphics/mathcolor.ltx)) (/data/r_homes/marcgrossouvre2/.TinyTeX/texmf-dist/tex/latex/hyperref/hyperref.sty (/data/r_homes/marcgrossouvre2/.TinyTeX/texmf-dist/tex/latex/kvsetkeys/kvsetkeys.sty) (/data/r_homes/marcgrossouvre2/.TinyTeX/texmf-dist/tex/generic/kvdefinekeys/kvdefinekeys.sty) (/data/r_homes/marcgrossouvre2/.TinyTeX/texmf-dist/tex/generic/pdfescape/pdfescape.sty (/data/r_homes/marcgrossouvre2/.TinyTeX/texmf-dist/tex/generic/ltxcmds/ltxcmds.sty) (/data/r_homes/marcgrossouvre2/.TinyTeX/texmf-dist/tex/generic/pdftexcmds/pdftexcmds.sty (/data/r_homes/marcgrossouvre2/.TinyTeX/texmf-dist/tex/generic/infwarerr/infwarerr.sty))) (/data/r_homes/marcgrossouvre2/.TinyTeX/texmf-dist/tex/latex/hycolor/hycolor.sty) (/data/r_homes/marcgrossouvre2/.TinyTeX/texmf-dist/tex/latex/hyperref/nameref.sty (/data/r_homes/marcgrossouvre2/.TinyTeX/texmf-dist/tex/latex/refcount/refcount.sty) (/data/r_homes/marcgrossouvre2/.TinyTeX/texmf-dist/tex/generic/gettitlestring/gettitlestring.sty (/data/r_homes/marcgrossouvre2/.TinyTeX/texmf-dist/tex/latex/kvoptions/kvoptions.sty))) (/data/r_homes/marcgrossouvre2/.TinyTeX/texmf-dist/tex/latex/etoolbox/etoolbox.sty) (/data/r_homes/marcgrossouvre2/.TinyTeX/texmf-dist/tex/generic/stringenc/stringenc.sty) (/data/r_homes/marcgrossouvre2/.TinyTeX/texmf-dist/tex/latex/hyperref/pd1enc.def) (/data/r_homes/marcgrossouvre2/.TinyTeX/texmf-dist/tex/generic/intcalc/intcalc.sty) (/data/r_homes/marcgrossouvre2/.TinyTeX/texmf-dist/tex/latex/hyperref/puenc.def) (/data/r_homes/marcgrossouvre2/.TinyTeX/texmf-dist/tex/generic/bitset/bitset.sty (/data/r_homes/marcgrossouvre2/.TinyTeX/texmf-dist/tex/generic/bigintcalc/bigintcalc.sty))) (/data/r_homes/marcgrossouvre2/.TinyTeX/texmf-dist/tex/latex/hyperref/hpdftex.def (/data/r_homes/marcgrossouvre2/.TinyTeX/texmf-dist/tex/latex/rerunfilecheck/rerunfilecheck.sty (/data/r_homes/marcgrossouvre2/.TinyTeX/texmf-dist/tex/generic/uniquecounter/uniquecounter.sty)))) (/data/r_homes/marcgrossouvre2/.TinyTeX/texmf-dist/tex/latex/base/makeidx.sty)
Writing index file Rd2.idx
(/data/r_homes/marcgrossouvre2/.TinyTeX/texmf-dist/tex/latex/psnfss/t1ptm.fd) (/data/r_homes/marcgrossouvre2/.TinyTeX/texmf-dist/tex/latex/l3backend/l3backend-pdftex.def)
No file Rd2.aux.
(/data/r_homes/marcgrossouvre2/.TinyTeX/texmf-dist/tex/latex/inconsolata/t1zi4.fd) (/data/r_homes/marcgrossouvre2/.TinyTeX/texmf-dist/tex/latex/amsfonts/umsa.fd) (/data/r_homes/marcgrossouvre2/.TinyTeX/texmf-dist/tex/latex/amsfonts/umsb.fd)
No file Rd2.toc.
[1{/data/r_homes/marcgrossouvre2/.TinyTeX/texmf-var/fonts/map/pdftex/updmap/pdftex.map}{/data/r_homes/marcgrossouvre2/.TinyTeX/texmf-dist/fonts/enc/dvips/base/8r.enc}{/data/r_homes/marcgrossouvre2/.TinyTeX/texmf-dist/fonts/enc/dvips/inconsolata/i4-t1-0.enc}] [2] (/data/r_homes/marcgrossouvre2/.TinyTeX/texmf-dist/tex/latex/psnfss/ts1ptm.fd)
Overfull \hbox (11.0662pt too wide) in paragraph at lines 133--137
\T1/ptm/m/n/10 rithm: A Nature-inspired Meta-heuris-tic. Ex-pert Sys-tems with Ap-pli-ca-tions, 152, 113377. [][]doi:10.1016/
[3] [4] [5] [6] [7] [8] [9] [10] [11] [12] [13] [14]
Overfull \hbox (8.04054pt too wide) detected at line 820
\OML/cmm/m/it/10 f\OT1/cmr/m/n/10 (\OML/cmm/m/it/10 x\OT1/cmr/m/n/10 ) = [] [] + [] \OML/cmm/m/it/10 u\OT1/cmr/m/n/10 (\OML/cmm/m/it/10 x[]; \OT1/cmr/m/n/10 10\OML/cmm/m/it/10 ; \OT1/cmr/m/n/10 100\OML/cmm/m/it/10 ; \OT1/cmr/m/n/10 4)
[15]
Overfull \hbox (69.03519pt too wide) detected at line 883
\OML/cmm/m/it/10 f\OT1/cmr/m/n/10 (\OML/cmm/m/it/10 x\OT1/cmr/m/n/10 ) = 0\OML/cmm/m/it/10 :\OT1/cmr/m/n/10 1 [] + [] \OML/cmm/m/it/10 u\OT1/cmr/m/n/10 (\OML/cmm/m/it/10 x[]; \OT1/cmr/m/n/10 5\OML/cmm/m/it/10 ; \OT1/cmr/m/n/10 100\OML/cmm/m/it/10 ; \OT1/cmr/m/n/10 4)
[16] [17] [18] [19] [20] [21]
Overfull \hbox (115.88615pt too wide) detected at line 1196
\OML/cmm/m/it/10 f\OT1/cmr/m/n/10 (\OML/cmm/m/it/10 x\OT1/cmr/m/n/10 ) = (1 + (\OML/cmm/m/it/10 x[] \OT1/cmr/m/n/10 + \OML/cmm/m/it/10 x[] \OT1/cmr/m/n/10 + 1)[](19 \OMS/cmsy/m/n/10 ^^@ \OT1/cmr/m/n/10 14\OML/cmm/m/it/10 x[] \OT1/cmr/m/n/10 + 3\OML/cmm/m/it/10 x[] \OMS/cmsy/m/n/10 ^^@ \OT1/cmr/m/n/10 14\OML/cmm/m/it/10 x[] \OT1/cmr/m/n/10 + 6\OML/cmm/m/it/10 x[]x[] \OT1/cmr/m/n/10 + 3\OML/cmm/m/it/10 x[]\OT1/cmr/m/n/10 )) \OMS/cmsy/m/n/10 ^^B \OT1/cmr/m/n/10 (30 + (2\OML/cmm/m/it/10 x[] \OMS/cmsy/m/n/10 ^^@ \OT1/cmr/m/n/10 3\OML/cmm/m/it/10 x[]\OT1/cmr/m/n/10 )[](18 \OMS/cmsy/m/n/10 ^^@ \OT1/cmr/m/n/10 32\OML/cmm/m/it/10 x[] \OT1/cmr/m/n/10 + 12\OML/cmm/m/it/10 x[] \OT1/cmr/m/n/10 + 48\OML/cmm/m/it/10 x[] \OMS/cmsy/m/n/10 ^^@ \OT1/cmr/m/n/10 36\OML/cmm/m/it/10 x[]x[] \OT1/cmr/m/n/10 + 27\OML/cmm/m/it/10 x[]\OT1/cmr/m/n/10 ))
[22] [23] [24] [25] [26] [27] [28] [29] [30] [31]
Overfull \hbox (11.0662pt too wide) in paragraph at lines 1800--1804
\T1/ptm/m/n/10 rithm: A Nature-inspired Meta-heuris-tic. Ex-pert Sys-tems with Ap-pli-ca-tions, 152, 113377. [][]doi:10.1016/
[32] (/data/r_homes/marcgrossouvre2/.TinyTeX/texmf-dist/tex/latex/inconsolata/ts1zi4.fd) [33{/data/r_homes/marcgrossouvre2/.TinyTeX/texmf-dist/fonts/enc/dvips/inconsolata/i4-ts1.enc}] [34]
Overfull \hbox (11.24715pt too wide) in paragraph at lines 1945--1945
 []\T1/zi4/m/n/9 available_functions <- c("F01", "F02", "F03", "F04", "F05", "F06", "F07", "F08", "F09", "F10",[] 
[35]
No file Rd2.ind.
[36] (/tmp/RtmpsClhno/Rd2pdfa94d731af24ad/Rd2.aux)

Package rerunfilecheck Warning: File `Rd2.out' has changed.
(rerunfilecheck)                Rerun to get outlines right
(rerunfilecheck)                or use package `bookmark'.

 )
(see the transcript file for additional information)</data/r_homes/marcgrossouvre2/.TinyTeX/texmf-dist/fonts/type1/public/inconsolata/Inconsolata-zi4r.pfb></data/r_homes/marcgrossouvre2/.TinyTeX/texmf-dist/fonts/type1/public/amsfonts/cm/cmex10.pfb></data/r_homes/marcgrossouvre2/.TinyTeX/texmf-dist/fonts/type1/public/amsfonts/cm/cmmi10.pfb></data/r_homes/marcgrossouvre2/.TinyTeX/texmf-dist/fonts/type1/public/amsfonts/cm/cmmi7.pfb></data/r_homes/marcgrossouvre2/.TinyTeX/texmf-dist/fonts/type1/public/amsfonts/cm/cmr10.pfb></data/r_homes/marcgrossouvre2/.TinyTeX/texmf-dist/fonts/type1/public/amsfonts/cm/cmr7.pfb></data/r_homes/marcgrossouvre2/.TinyTeX/texmf-dist/fonts/type1/public/amsfonts/cm/cmsy10.pfb></data/r_homes/marcgrossouvre2/.TinyTeX/texmf-dist/fonts/type1/public/amsfonts/cm/cmsy7.pfb></data/r_homes/marcgrossouvre2/.TinyTeX/texmf-dist/fonts/type1/urw/times/utmb8a.pfb></data/r_homes/marcgrossouvre2/.TinyTeX/texmf-dist/fonts/type1/urw/times/utmr8a.pfb></data/r_homes/marcgrossouvre2/.TinyTeX/texmf-dist/fonts/type1/urw/times/utmr8a.pfb></data/r_homes/marcgrossouvre2/.TinyTeX/texmf-dist/fonts/type1/urw/times/utmri8a.pfb>
Output written on Rd2.pdf (36 pages, 230897 bytes).
Transcript written on Rd2.log.
This is makeindex, version 2.17 [TeX Live 2025] (kpathsea + Thai support).
Scanning input file Rd2.idx....done (100 entries accepted, 24 rejected).
Sorting entries....done (698 comparisons).
Generating output file Rd2.ind....done (87 lines written, 4 warnings).
Output written in Rd2.ind.
Transcript written in Rd2.ilg.
This is pdfTeX, Version 3.141592653-2.6-1.40.28 (TeX Live 2025) (preloaded format=pdflatex)
 restricted \write18 enabled.
entering extended mode
LaTeX2e <2025-11-01>
L3 programming layer <2025-11-14>
(./Rd2.tex
(/data/r_homes/marcgrossouvre2/.TinyTeX/texmf-dist/tex/latex/base/book.cls
Document Class: book 2025/01/22 v1.4n Standard LaTeX document class
(/data/r_homes/marcgrossouvre2/.TinyTeX/texmf-dist/tex/latex/base/bk10.clo)) (/usr/share/R/share/texmf/tex/latex/Rd.sty (/data/r_homes/marcgrossouvre2/.TinyTeX/texmf-dist/tex/latex/base/ifthen.sty) (/data/r_homes/marcgrossouvre2/.TinyTeX/texmf-dist/tex/generic/iftex/iftex.sty) (/data/r_homes/marcgrossouvre2/.TinyTeX/texmf-dist/tex/latex/tools/longtable.sty) (/data/r_homes/marcgrossouvre2/.TinyTeX/texmf-dist/tex/latex/tools/bm.sty) (/data/r_homes/marcgrossouvre2/.TinyTeX/texmf-dist/tex/latex/base/alltt.sty) (/data/r_homes/marcgrossouvre2/.TinyTeX/texmf-dist/tex/latex/tools/verbatim.sty) (/data/r_homes/marcgrossouvre2/.TinyTeX/texmf-dist/tex/latex/url/url.sty) (/data/r_homes/marcgrossouvre2/.TinyTeX/texmf-dist/tex/latex/base/textcomp.sty) (/data/r_homes/marcgrossouvre2/.TinyTeX/texmf-dist/tex/latex/amsmath/amsmath.sty
For additional information on amsmath, use the `?' option.
(/data/r_homes/marcgrossouvre2/.TinyTeX/texmf-dist/tex/latex/amsmath/amstext.sty (/data/r_homes/marcgrossouvre2/.TinyTeX/texmf-dist/tex/latex/amsmath/amsgen.sty)) (/data/r_homes/marcgrossouvre2/.TinyTeX/texmf-dist/tex/latex/amsmath/amsbsy.sty) (/data/r_homes/marcgrossouvre2/.TinyTeX/texmf-dist/tex/latex/amsmath/amsopn.sty)) (/data/r_homes/marcgrossouvre2/.TinyTeX/texmf-dist/tex/latex/amsfonts/amsfonts.sty) (/data/r_homes/marcgrossouvre2/.TinyTeX/texmf-dist/tex/latex/amsfonts/amssymb.sty) (/data/r_homes/marcgrossouvre2/.TinyTeX/texmf-dist/tex/latex/amsfonts/eucal.sty) (/data/r_homes/marcgrossouvre2/.TinyTeX/texmf-dist/tex/latex/base/fontenc.sty) (/data/r_homes/marcgrossouvre2/.TinyTeX/texmf-dist/tex/latex/psnfss/times.sty) (/data/r_homes/marcgrossouvre2/.TinyTeX/texmf-dist/tex/latex/inconsolata/zi4.sty `inconsolata-zi4' v1.12, 2019/05/17 Text macros for Inconsolata (msharpe) (/data/r_homes/marcgrossouvre2/.TinyTeX/texmf-dist/tex/latex/xkeyval/xkeyval.sty (/data/r_homes/marcgrossouvre2/.TinyTeX/texmf-dist/tex/generic/xkeyval/xkeyval.tex (/data/r_homes/marcgrossouvre2/.TinyTeX/texmf-dist/tex/generic/xkeyval/xkvutils.tex (/data/r_homes/marcgrossouvre2/.TinyTeX/texmf-dist/tex/generic/xkeyval/keyval.tex))))) (/data/r_homes/marcgrossouvre2/.TinyTeX/texmf-dist/tex/latex/graphics/color.sty (/data/r_homes/marcgrossouvre2/.TinyTeX/texmf-dist/tex/latex/graphics-cfg/color.cfg) (/data/r_homes/marcgrossouvre2/.TinyTeX/texmf-dist/tex/latex/graphics-def/pdftex.def) (/data/r_homes/marcgrossouvre2/.TinyTeX/texmf-dist/tex/latex/graphics/mathcolor.ltx)) (/data/r_homes/marcgrossouvre2/.TinyTeX/texmf-dist/tex/latex/hyperref/hyperref.sty (/data/r_homes/marcgrossouvre2/.TinyTeX/texmf-dist/tex/latex/kvsetkeys/kvsetkeys.sty) (/data/r_homes/marcgrossouvre2/.TinyTeX/texmf-dist/tex/generic/kvdefinekeys/kvdefinekeys.sty) (/data/r_homes/marcgrossouvre2/.TinyTeX/texmf-dist/tex/generic/pdfescape/pdfescape.sty (/data/r_homes/marcgrossouvre2/.TinyTeX/texmf-dist/tex/generic/ltxcmds/ltxcmds.sty) (/data/r_homes/marcgrossouvre2/.TinyTeX/texmf-dist/tex/generic/pdftexcmds/pdftexcmds.sty (/data/r_homes/marcgrossouvre2/.TinyTeX/texmf-dist/tex/generic/infwarerr/infwarerr.sty))) (/data/r_homes/marcgrossouvre2/.TinyTeX/texmf-dist/tex/latex/hycolor/hycolor.sty) (/data/r_homes/marcgrossouvre2/.TinyTeX/texmf-dist/tex/latex/hyperref/nameref.sty (/data/r_homes/marcgrossouvre2/.TinyTeX/texmf-dist/tex/latex/refcount/refcount.sty) (/data/r_homes/marcgrossouvre2/.TinyTeX/texmf-dist/tex/generic/gettitlestring/gettitlestring.sty (/data/r_homes/marcgrossouvre2/.TinyTeX/texmf-dist/tex/latex/kvoptions/kvoptions.sty))) (/data/r_homes/marcgrossouvre2/.TinyTeX/texmf-dist/tex/latex/etoolbox/etoolbox.sty) (/data/r_homes/marcgrossouvre2/.TinyTeX/texmf-dist/tex/generic/stringenc/stringenc.sty) (/data/r_homes/marcgrossouvre2/.TinyTeX/texmf-dist/tex/latex/hyperref/pd1enc.def) (/data/r_homes/marcgrossouvre2/.TinyTeX/texmf-dist/tex/generic/intcalc/intcalc.sty) (/data/r_homes/marcgrossouvre2/.TinyTeX/texmf-dist/tex/latex/hyperref/puenc.def) (/data/r_homes/marcgrossouvre2/.TinyTeX/texmf-dist/tex/generic/bitset/bitset.sty (/data/r_homes/marcgrossouvre2/.TinyTeX/texmf-dist/tex/generic/bigintcalc/bigintcalc.sty))) (/data/r_homes/marcgrossouvre2/.TinyTeX/texmf-dist/tex/latex/hyperref/hpdftex.def (/data/r_homes/marcgrossouvre2/.TinyTeX/texmf-dist/tex/latex/rerunfilecheck/rerunfilecheck.sty (/data/r_homes/marcgrossouvre2/.TinyTeX/texmf-dist/tex/generic/uniquecounter/uniquecounter.sty)))) (/data/r_homes/marcgrossouvre2/.TinyTeX/texmf-dist/tex/latex/base/makeidx.sty)
Writing index file Rd2.idx
(/data/r_homes/marcgrossouvre2/.TinyTeX/texmf-dist/tex/latex/psnfss/t1ptm.fd) (/data/r_homes/marcgrossouvre2/.TinyTeX/texmf-dist/tex/latex/l3backend/l3backend-pdftex.def) (/tmp/RtmpsClhno/Rd2pdfa94d731af24ad/Rd2.aux) (/tmp/RtmpsClhno/Rd2pdfa94d731af24ad/Rd2.out) (/tmp/RtmpsClhno/Rd2pdfa94d731af24ad/Rd2.out) (/data/r_homes/marcgrossouvre2/.TinyTeX/texmf-dist/tex/latex/inconsolata/t1zi4.fd) (/data/r_homes/marcgrossouvre2/.TinyTeX/texmf-dist/tex/latex/amsfonts/umsa.fd) (/data/r_homes/marcgrossouvre2/.TinyTeX/texmf-dist/tex/latex/amsfonts/umsb.fd) (/tmp/RtmpsClhno/Rd2pdfa94d731af24ad/Rd2.toc [1{/data/r_homes/marcgrossouvre2/.TinyTeX/texmf-var/fonts/map/pdftex/updmap/pdftex.map}{/data/r_homes/marcgrossouvre2/.TinyTeX/texmf-dist/fonts/enc/dvips/base/8r.enc}{/data/r_homes/marcgrossouvre2/.TinyTeX/texmf-dist/fonts/enc/dvips/inconsolata/i4-t1-0.enc}]) [2] (/data/r_homes/marcgrossouvre2/.TinyTeX/texmf-dist/tex/latex/psnfss/ts1ptm.fd)
Overfull \hbox (11.0662pt too wide) in paragraph at lines 133--137
\T1/ptm/m/n/10 rithm: A Nature-inspired Meta-heuris-tic. Ex-pert Sys-tems with Ap-pli-ca-tions, 152, 113377. [][]doi:10.1016/
[3] [4] [5] [6] [7] [8] [9] [10] [11] [12] [13] [14]
Overfull \hbox (8.04054pt too wide) detected at line 820
\OML/cmm/m/it/10 f\OT1/cmr/m/n/10 (\OML/cmm/m/it/10 x\OT1/cmr/m/n/10 ) = [] [] + [] \OML/cmm/m/it/10 u\OT1/cmr/m/n/10 (\OML/cmm/m/it/10 x[]; \OT1/cmr/m/n/10 10\OML/cmm/m/it/10 ; \OT1/cmr/m/n/10 100\OML/cmm/m/it/10 ; \OT1/cmr/m/n/10 4)
[15]
Overfull \hbox (69.03519pt too wide) detected at line 883
\OML/cmm/m/it/10 f\OT1/cmr/m/n/10 (\OML/cmm/m/it/10 x\OT1/cmr/m/n/10 ) = 0\OML/cmm/m/it/10 :\OT1/cmr/m/n/10 1 [] + [] \OML/cmm/m/it/10 u\OT1/cmr/m/n/10 (\OML/cmm/m/it/10 x[]; \OT1/cmr/m/n/10 5\OML/cmm/m/it/10 ; \OT1/cmr/m/n/10 100\OML/cmm/m/it/10 ; \OT1/cmr/m/n/10 4)
[16] [17] [18] [19] [20] [21]
Overfull \hbox (115.88615pt too wide) detected at line 1196
\OML/cmm/m/it/10 f\OT1/cmr/m/n/10 (\OML/cmm/m/it/10 x\OT1/cmr/m/n/10 ) = (1 + (\OML/cmm/m/it/10 x[] \OT1/cmr/m/n/10 + \OML/cmm/m/it/10 x[] \OT1/cmr/m/n/10 + 1)[](19 \OMS/cmsy/m/n/10 ^^@ \OT1/cmr/m/n/10 14\OML/cmm/m/it/10 x[] \OT1/cmr/m/n/10 + 3\OML/cmm/m/it/10 x[] \OMS/cmsy/m/n/10 ^^@ \OT1/cmr/m/n/10 14\OML/cmm/m/it/10 x[] \OT1/cmr/m/n/10 + 6\OML/cmm/m/it/10 x[]x[] \OT1/cmr/m/n/10 + 3\OML/cmm/m/it/10 x[]\OT1/cmr/m/n/10 )) \OMS/cmsy/m/n/10 ^^B \OT1/cmr/m/n/10 (30 + (2\OML/cmm/m/it/10 x[] \OMS/cmsy/m/n/10 ^^@ \OT1/cmr/m/n/10 3\OML/cmm/m/it/10 x[]\OT1/cmr/m/n/10 )[](18 \OMS/cmsy/m/n/10 ^^@ \OT1/cmr/m/n/10 32\OML/cmm/m/it/10 x[] \OT1/cmr/m/n/10 + 12\OML/cmm/m/it/10 x[] \OT1/cmr/m/n/10 + 48\OML/cmm/m/it/10 x[] \OMS/cmsy/m/n/10 ^^@ \OT1/cmr/m/n/10 36\OML/cmm/m/it/10 x[]x[] \OT1/cmr/m/n/10 + 27\OML/cmm/m/it/10 x[]\OT1/cmr/m/n/10 ))
[22] [23] [24] [25] [26] [27] [28] [29] [30] [31]
Overfull \hbox (11.0662pt too wide) in paragraph at lines 1800--1804
\T1/ptm/m/n/10 rithm: A Nature-inspired Meta-heuris-tic. Ex-pert Sys-tems with Ap-pli-ca-tions, 152, 113377. [][]doi:10.1016/
[32] (/data/r_homes/marcgrossouvre2/.TinyTeX/texmf-dist/tex/latex/inconsolata/ts1zi4.fd) [33{/data/r_homes/marcgrossouvre2/.TinyTeX/texmf-dist/fonts/enc/dvips/inconsolata/i4-ts1.enc}] [34]
Overfull \hbox (11.24715pt too wide) in paragraph at lines 1945--1945
 []\T1/zi4/m/n/9 available_functions <- c("F01", "F02", "F03", "F04", "F05", "F06", "F07", "F08", "F09", "F10",[] 
[35] (/tmp/RtmpsClhno/Rd2pdfa94d731af24ad/Rd2.ind [36]

LaTeX Font Warning: Font shape `T1/zi4/m/it' undefined
(Font)              using `T1/zi4/m/n' instead on input line 69.

[37]) (/tmp/RtmpsClhno/Rd2pdfa94d731af24ad/Rd2.aux)

LaTeX Font Warning: Some font shapes were not available, defaults substituted.


Package rerunfilecheck Warning: File `Rd2.out' has changed.
(rerunfilecheck)                Rerun to get outlines right
(rerunfilecheck)                or use package `bookmark'.

 )
(see the transcript file for additional information)</data/r_homes/marcgrossouvre2/.TinyTeX/texmf-dist/fonts/type1/public/inconsolata/Inconsolata-zi4r.pfb></data/r_homes/marcgrossouvre2/.TinyTeX/texmf-dist/fonts/type1/public/amsfonts/cm/cmex10.pfb></data/r_homes/marcgrossouvre2/.TinyTeX/texmf-dist/fonts/type1/public/amsfonts/cm/cmmi10.pfb></data/r_homes/marcgrossouvre2/.TinyTeX/texmf-dist/fonts/type1/public/amsfonts/cm/cmmi7.pfb></data/r_homes/marcgrossouvre2/.TinyTeX/texmf-dist/fonts/type1/public/amsfonts/cm/cmr10.pfb></data/r_homes/marcgrossouvre2/.TinyTeX/texmf-dist/fonts/type1/public/amsfonts/cm/cmr7.pfb></data/r_homes/marcgrossouvre2/.TinyTeX/texmf-dist/fonts/type1/public/amsfonts/cm/cmsy10.pfb></data/r_homes/marcgrossouvre2/.TinyTeX/texmf-dist/fonts/type1/public/amsfonts/cm/cmsy7.pfb></data/r_homes/marcgrossouvre2/.TinyTeX/texmf-dist/fonts/type1/urw/times/utmb8a.pfb></data/r_homes/marcgrossouvre2/.TinyTeX/texmf-dist/fonts/type1/urw/times/utmr8a.pfb></data/r_homes/marcgrossouvre2/.TinyTeX/texmf-dist/fonts/type1/urw/times/utmr8a.pfb></data/r_homes/marcgrossouvre2/.TinyTeX/texmf-dist/fonts/type1/urw/times/utmri8a.pfb>
Output written on Rd2.pdf (37 pages, 237789 bytes).
Transcript written on Rd2.log.
This is makeindex, version 2.17 [TeX Live 2025] (kpathsea + Thai support).
Scanning input file Rd2.idx....done (100 entries accepted, 24 rejected).
Sorting entries....done (698 comparisons).
Generating output file Rd2.ind....done (87 lines written, 4 warnings).
Output written in Rd2.ind.
Transcript written in Rd2.ilg.
This is pdfTeX, Version 3.141592653-2.6-1.40.28 (TeX Live 2025) (preloaded format=pdflatex)
 restricted \write18 enabled.
entering extended mode
LaTeX2e <2025-11-01>
L3 programming layer <2025-11-14>
(./Rd2.tex
(/data/r_homes/marcgrossouvre2/.TinyTeX/texmf-dist/tex/latex/base/book.cls
Document Class: book 2025/01/22 v1.4n Standard LaTeX document class
(/data/r_homes/marcgrossouvre2/.TinyTeX/texmf-dist/tex/latex/base/bk10.clo)) (/usr/share/R/share/texmf/tex/latex/Rd.sty (/data/r_homes/marcgrossouvre2/.TinyTeX/texmf-dist/tex/latex/base/ifthen.sty) (/data/r_homes/marcgrossouvre2/.TinyTeX/texmf-dist/tex/generic/iftex/iftex.sty) (/data/r_homes/marcgrossouvre2/.TinyTeX/texmf-dist/tex/latex/tools/longtable.sty) (/data/r_homes/marcgrossouvre2/.TinyTeX/texmf-dist/tex/latex/tools/bm.sty) (/data/r_homes/marcgrossouvre2/.TinyTeX/texmf-dist/tex/latex/base/alltt.sty) (/data/r_homes/marcgrossouvre2/.TinyTeX/texmf-dist/tex/latex/tools/verbatim.sty) (/data/r_homes/marcgrossouvre2/.TinyTeX/texmf-dist/tex/latex/url/url.sty) (/data/r_homes/marcgrossouvre2/.TinyTeX/texmf-dist/tex/latex/base/textcomp.sty) (/data/r_homes/marcgrossouvre2/.TinyTeX/texmf-dist/tex/latex/amsmath/amsmath.sty
For additional information on amsmath, use the `?' option.
(/data/r_homes/marcgrossouvre2/.TinyTeX/texmf-dist/tex/latex/amsmath/amstext.sty (/data/r_homes/marcgrossouvre2/.TinyTeX/texmf-dist/tex/latex/amsmath/amsgen.sty)) (/data/r_homes/marcgrossouvre2/.TinyTeX/texmf-dist/tex/latex/amsmath/amsbsy.sty) (/data/r_homes/marcgrossouvre2/.TinyTeX/texmf-dist/tex/latex/amsmath/amsopn.sty)) (/data/r_homes/marcgrossouvre2/.TinyTeX/texmf-dist/tex/latex/amsfonts/amsfonts.sty) (/data/r_homes/marcgrossouvre2/.TinyTeX/texmf-dist/tex/latex/amsfonts/amssymb.sty) (/data/r_homes/marcgrossouvre2/.TinyTeX/texmf-dist/tex/latex/amsfonts/eucal.sty) (/data/r_homes/marcgrossouvre2/.TinyTeX/texmf-dist/tex/latex/base/fontenc.sty) (/data/r_homes/marcgrossouvre2/.TinyTeX/texmf-dist/tex/latex/psnfss/times.sty) (/data/r_homes/marcgrossouvre2/.TinyTeX/texmf-dist/tex/latex/inconsolata/zi4.sty `inconsolata-zi4' v1.12, 2019/05/17 Text macros for Inconsolata (msharpe) (/data/r_homes/marcgrossouvre2/.TinyTeX/texmf-dist/tex/latex/xkeyval/xkeyval.sty (/data/r_homes/marcgrossouvre2/.TinyTeX/texmf-dist/tex/generic/xkeyval/xkeyval.tex (/data/r_homes/marcgrossouvre2/.TinyTeX/texmf-dist/tex/generic/xkeyval/xkvutils.tex (/data/r_homes/marcgrossouvre2/.TinyTeX/texmf-dist/tex/generic/xkeyval/keyval.tex))))) (/data/r_homes/marcgrossouvre2/.TinyTeX/texmf-dist/tex/latex/graphics/color.sty (/data/r_homes/marcgrossouvre2/.TinyTeX/texmf-dist/tex/latex/graphics-cfg/color.cfg) (/data/r_homes/marcgrossouvre2/.TinyTeX/texmf-dist/tex/latex/graphics-def/pdftex.def) (/data/r_homes/marcgrossouvre2/.TinyTeX/texmf-dist/tex/latex/graphics/mathcolor.ltx)) (/data/r_homes/marcgrossouvre2/.TinyTeX/texmf-dist/tex/latex/hyperref/hyperref.sty (/data/r_homes/marcgrossouvre2/.TinyTeX/texmf-dist/tex/latex/kvsetkeys/kvsetkeys.sty) (/data/r_homes/marcgrossouvre2/.TinyTeX/texmf-dist/tex/generic/kvdefinekeys/kvdefinekeys.sty) (/data/r_homes/marcgrossouvre2/.TinyTeX/texmf-dist/tex/generic/pdfescape/pdfescape.sty (/data/r_homes/marcgrossouvre2/.TinyTeX/texmf-dist/tex/generic/ltxcmds/ltxcmds.sty) (/data/r_homes/marcgrossouvre2/.TinyTeX/texmf-dist/tex/generic/pdftexcmds/pdftexcmds.sty (/data/r_homes/marcgrossouvre2/.TinyTeX/texmf-dist/tex/generic/infwarerr/infwarerr.sty))) (/data/r_homes/marcgrossouvre2/.TinyTeX/texmf-dist/tex/latex/hycolor/hycolor.sty) (/data/r_homes/marcgrossouvre2/.TinyTeX/texmf-dist/tex/latex/hyperref/nameref.sty (/data/r_homes/marcgrossouvre2/.TinyTeX/texmf-dist/tex/latex/refcount/refcount.sty) (/data/r_homes/marcgrossouvre2/.TinyTeX/texmf-dist/tex/generic/gettitlestring/gettitlestring.sty (/data/r_homes/marcgrossouvre2/.TinyTeX/texmf-dist/tex/latex/kvoptions/kvoptions.sty))) (/data/r_homes/marcgrossouvre2/.TinyTeX/texmf-dist/tex/latex/etoolbox/etoolbox.sty) (/data/r_homes/marcgrossouvre2/.TinyTeX/texmf-dist/tex/generic/stringenc/stringenc.sty) (/data/r_homes/marcgrossouvre2/.TinyTeX/texmf-dist/tex/latex/hyperref/pd1enc.def) (/data/r_homes/marcgrossouvre2/.TinyTeX/texmf-dist/tex/generic/intcalc/intcalc.sty) (/data/r_homes/marcgrossouvre2/.TinyTeX/texmf-dist/tex/latex/hyperref/puenc.def) (/data/r_homes/marcgrossouvre2/.TinyTeX/texmf-dist/tex/generic/bitset/bitset.sty (/data/r_homes/marcgrossouvre2/.TinyTeX/texmf-dist/tex/generic/bigintcalc/bigintcalc.sty))) (/data/r_homes/marcgrossouvre2/.TinyTeX/texmf-dist/tex/latex/hyperref/hpdftex.def (/data/r_homes/marcgrossouvre2/.TinyTeX/texmf-dist/tex/latex/rerunfilecheck/rerunfilecheck.sty (/data/r_homes/marcgrossouvre2/.TinyTeX/texmf-dist/tex/generic/uniquecounter/uniquecounter.sty)))) (/data/r_homes/marcgrossouvre2/.TinyTeX/texmf-dist/tex/latex/base/makeidx.sty)
Writing index file Rd2.idx
(/data/r_homes/marcgrossouvre2/.TinyTeX/texmf-dist/tex/latex/psnfss/t1ptm.fd) (/data/r_homes/marcgrossouvre2/.TinyTeX/texmf-dist/tex/latex/l3backend/l3backend-pdftex.def) (/tmp/RtmpsClhno/Rd2pdfa94d731af24ad/Rd2.aux) (/tmp/RtmpsClhno/Rd2pdfa94d731af24ad/Rd2.out) (/tmp/RtmpsClhno/Rd2pdfa94d731af24ad/Rd2.out) (/data/r_homes/marcgrossouvre2/.TinyTeX/texmf-dist/tex/latex/inconsolata/t1zi4.fd) (/data/r_homes/marcgrossouvre2/.TinyTeX/texmf-dist/tex/latex/amsfonts/umsa.fd) (/data/r_homes/marcgrossouvre2/.TinyTeX/texmf-dist/tex/latex/amsfonts/umsb.fd) (/tmp/RtmpsClhno/Rd2pdfa94d731af24ad/Rd2.toc [1{/data/r_homes/marcgrossouvre2/.TinyTeX/texmf-var/fonts/map/pdftex/updmap/pdftex.map}{/data/r_homes/marcgrossouvre2/.TinyTeX/texmf-dist/fonts/enc/dvips/base/8r.enc}{/data/r_homes/marcgrossouvre2/.TinyTeX/texmf-dist/fonts/enc/dvips/inconsolata/i4-t1-0.enc}]) [2] (/data/r_homes/marcgrossouvre2/.TinyTeX/texmf-dist/tex/latex/psnfss/ts1ptm.fd)
Overfull \hbox (11.0662pt too wide) in paragraph at lines 133--137
\T1/ptm/m/n/10 rithm: A Nature-inspired Meta-heuris-tic. Ex-pert Sys-tems with Ap-pli-ca-tions, 152, 113377. [][]doi:10.1016/
[3] [4] [5] [6] [7] [8] [9] [10] [11] [12] [13] [14]
Overfull \hbox (8.04054pt too wide) detected at line 820
\OML/cmm/m/it/10 f\OT1/cmr/m/n/10 (\OML/cmm/m/it/10 x\OT1/cmr/m/n/10 ) = [] [] + [] \OML/cmm/m/it/10 u\OT1/cmr/m/n/10 (\OML/cmm/m/it/10 x[]; \OT1/cmr/m/n/10 10\OML/cmm/m/it/10 ; \OT1/cmr/m/n/10 100\OML/cmm/m/it/10 ; \OT1/cmr/m/n/10 4)
[15]
Overfull \hbox (69.03519pt too wide) detected at line 883
\OML/cmm/m/it/10 f\OT1/cmr/m/n/10 (\OML/cmm/m/it/10 x\OT1/cmr/m/n/10 ) = 0\OML/cmm/m/it/10 :\OT1/cmr/m/n/10 1 [] + [] \OML/cmm/m/it/10 u\OT1/cmr/m/n/10 (\OML/cmm/m/it/10 x[]; \OT1/cmr/m/n/10 5\OML/cmm/m/it/10 ; \OT1/cmr/m/n/10 100\OML/cmm/m/it/10 ; \OT1/cmr/m/n/10 4)
[16] [17] [18] [19] [20] [21]
Overfull \hbox (115.88615pt too wide) detected at line 1196
\OML/cmm/m/it/10 f\OT1/cmr/m/n/10 (\OML/cmm/m/it/10 x\OT1/cmr/m/n/10 ) = (1 + (\OML/cmm/m/it/10 x[] \OT1/cmr/m/n/10 + \OML/cmm/m/it/10 x[] \OT1/cmr/m/n/10 + 1)[](19 \OMS/cmsy/m/n/10 ^^@ \OT1/cmr/m/n/10 14\OML/cmm/m/it/10 x[] \OT1/cmr/m/n/10 + 3\OML/cmm/m/it/10 x[] \OMS/cmsy/m/n/10 ^^@ \OT1/cmr/m/n/10 14\OML/cmm/m/it/10 x[] \OT1/cmr/m/n/10 + 6\OML/cmm/m/it/10 x[]x[] \OT1/cmr/m/n/10 + 3\OML/cmm/m/it/10 x[]\OT1/cmr/m/n/10 )) \OMS/cmsy/m/n/10 ^^B \OT1/cmr/m/n/10 (30 + (2\OML/cmm/m/it/10 x[] \OMS/cmsy/m/n/10 ^^@ \OT1/cmr/m/n/10 3\OML/cmm/m/it/10 x[]\OT1/cmr/m/n/10 )[](18 \OMS/cmsy/m/n/10 ^^@ \OT1/cmr/m/n/10 32\OML/cmm/m/it/10 x[] \OT1/cmr/m/n/10 + 12\OML/cmm/m/it/10 x[] \OT1/cmr/m/n/10 + 48\OML/cmm/m/it/10 x[] \OMS/cmsy/m/n/10 ^^@ \OT1/cmr/m/n/10 36\OML/cmm/m/it/10 x[]x[] \OT1/cmr/m/n/10 + 27\OML/cmm/m/it/10 x[]\OT1/cmr/m/n/10 ))
[22] [23] [24] [25] [26] [27] [28] [29] [30] [31]
Overfull \hbox (11.0662pt too wide) in paragraph at lines 1800--1804
\T1/ptm/m/n/10 rithm: A Nature-inspired Meta-heuris-tic. Ex-pert Sys-tems with Ap-pli-ca-tions, 152, 113377. [][]doi:10.1016/
[32] (/data/r_homes/marcgrossouvre2/.TinyTeX/texmf-dist/tex/latex/inconsolata/ts1zi4.fd) [33{/data/r_homes/marcgrossouvre2/.TinyTeX/texmf-dist/fonts/enc/dvips/inconsolata/i4-ts1.enc}] [34]
Overfull \hbox (11.24715pt too wide) in paragraph at lines 1945--1945
 []\T1/zi4/m/n/9 available_functions <- c("F01", "F02", "F03", "F04", "F05", "F06", "F07", "F08", "F09", "F10",[] 
[35] (/tmp/RtmpsClhno/Rd2pdfa94d731af24ad/Rd2.ind [36]

LaTeX Font Warning: Font shape `T1/zi4/m/it' undefined
(Font)              using `T1/zi4/m/n' instead on input line 69.

[37]) (/tmp/RtmpsClhno/Rd2pdfa94d731af24ad/Rd2.aux)

LaTeX Font Warning: Some font shapes were not available, defaults substituted.

 )
(see the transcript file for additional information)</data/r_homes/marcgrossouvre2/.TinyTeX/texmf-dist/fonts/type1/public/inconsolata/Inconsolata-zi4r.pfb></data/r_homes/marcgrossouvre2/.TinyTeX/texmf-dist/fonts/type1/public/amsfonts/cm/cmex10.pfb></data/r_homes/marcgrossouvre2/.TinyTeX/texmf-dist/fonts/type1/public/amsfonts/cm/cmmi10.pfb></data/r_homes/marcgrossouvre2/.TinyTeX/texmf-dist/fonts/type1/public/amsfonts/cm/cmmi7.pfb></data/r_homes/marcgrossouvre2/.TinyTeX/texmf-dist/fonts/type1/public/amsfonts/cm/cmr10.pfb></data/r_homes/marcgrossouvre2/.TinyTeX/texmf-dist/fonts/type1/public/amsfonts/cm/cmr7.pfb></data/r_homes/marcgrossouvre2/.TinyTeX/texmf-dist/fonts/type1/public/amsfonts/cm/cmsy10.pfb></data/r_homes/marcgrossouvre2/.TinyTeX/texmf-dist/fonts/type1/public/amsfonts/cm/cmsy7.pfb></data/r_homes/marcgrossouvre2/.TinyTeX/texmf-dist/fonts/type1/urw/times/utmb8a.pfb></data/r_homes/marcgrossouvre2/.TinyTeX/texmf-dist/fonts/type1/urw/times/utmr8a.pfb></data/r_homes/marcgrossouvre2/.TinyTeX/texmf-dist/fonts/type1/urw/times/utmr8a.pfb></data/r_homes/marcgrossouvre2/.TinyTeX/texmf-dist/fonts/type1/urw/times/utmri8a.pfb>
Output written on Rd2.pdf (37 pages, 237916 bytes).
Transcript written on Rd2.log.
Saving output to ‘marinepredator-manual.pdf’ ...
Done
You may want to clean up by 'rm -Rf /tmp/RtmpsClhno/Rd2pdfa94d731af24ad'
